<?xml version="1.0" encoding="UTF-8"?>
<!-- Generated by org.testng.reporters.JUnitReportReporter -->
<testsuite skipped="0" hostname="Admins-MBP-3.Dlink" name="TomerTest.TestSuit" tests="1" failures="0" timestamp="2020-07-04T18:57:16 IDT" time="21.557" errors="0">
  <testcase name="test6" time="21.557" classname="TomerTest.TestSuit"/>
  <system-out/>
</testsuite> <!-- TomerTest.TestSuit -->
